time="2019-10-14T12:55:36-07:00" level=info msg="Server was initialized"
time="2019-10-15T10:21:10-07:00" level=info msg="Server was initialized"
time="2019-10-15T10:22:50-07:00" level=info msg="Starting the Dir Read"
time="2019-10-15T10:22:50-07:00" level=fatal msg="error while reading stream: rpc error: code = Unimplemented desc = unknown service sftp.SFTP"
time="2019-10-15T10:52:20-07:00" level=info msg="Server was initialized"
time="2019-10-15T10:52:51-07:00" level=info msg="Starting the Dir Read"
time="2019-10-15T10:52:51-07:00" level=fatal msg="error while reading stream: rpc error: code = Unimplemented desc = unknown service sftp.SFTP"
time="2019-10-15T10:53:35-07:00" level=info msg="Starting the Dir Read"
time="2019-10-15T10:53:35-07:00" level=fatal msg="error while reading stream: rpc error: code = Unimplemented desc = unknown service sftp.SFTP"
time="2019-10-15T12:48:09-07:00" level=info msg="Starting the Dir Read"
time="2019-10-15T12:48:09-07:00" level=fatal msg="error while reading stream: rpc error: code = Unimplemented desc = unknown service sftp.SFTP"
time="2019-10-15T12:50:31-07:00" level=info msg="Starting to do uniary rpc client: "
time="2019-10-15T12:50:31-07:00" level=fatal msg="error while calling Greet RPC: rpc error: code = Unimplemented desc = unknown service sftp.SFTP"
time="2019-10-15T12:56:57-07:00" level=info msg="Server was initialized"
time="2019-10-15T12:57:11-07:00" level=info msg="Starting to do uniary rpc PUT: "
time="2019-10-15T12:57:11-07:00" level=fatal msg="error while calling Greet RPC: rpc error: code = Unimplemented desc = unknown service sftp.SFTP"
time="2019-10-15T13:15:06-07:00" level=info msg="Starting to do uniary rpc PUT: "
time="2019-10-15T13:15:06-07:00" level=fatal msg="error while calling Greet RPC: rpc error: code = Unimplemented desc = unknown service sftp.SFTP"
time="2019-10-15T13:40:29-07:00" level=info msg="Starting to do uniary rpc PUT: "
time="2019-10-15T13:40:29-07:00" level=fatal msg="error while calling Greet RPC: rpc error: code = Unimplemented desc = unknown service sftp.SFTP"
time="2019-10-15T14:19:23-07:00" level=info msg="Starting SFTP client"
time="2019-10-15T14:19:23-07:00" level=info msg="Calling Put"
time="2019-10-15T14:19:23-07:00" level=info msg="Starting to do uniary rpc PUT: "
time="2019-10-15T14:19:23-07:00" level=fatal msg="error while calling Greet RPC: rpc error: code = Unimplemented desc = unknown service sftp.SFTP"
time="2019-10-15T14:21:01-07:00" level=info msg="Starting SFTP client"
time="2019-10-15T14:21:01-07:00" level=info msg="Calling Put"
time="2019-10-15T14:21:01-07:00" level=info msg="Starting to do uniary rpc PUT: "
time="2019-10-15T14:21:01-07:00" level=info msg="Username=foo"
time="2019-10-15T14:21:01-07:00" level=fatal msg="error while calling Greet RPC: rpc error: code = Unimplemented desc = unknown service sftp.SFTP"
time="2019-10-15T14:22:04-07:00" level=info msg="Starting SFTP client"
time="2019-10-15T14:22:04-07:00" level=info msg="Calling Put"
time="2019-10-15T14:22:04-07:00" level=info msg="Starting to do uniary rpc PUT: "
time="2019-10-15T14:22:04-07:00" level=info msg="Username=foo"
time="2019-10-15T14:22:04-07:00" level=info msg="error while calling Greet RPC: %vrpc error: code = Unimplemented desc = unknown service sftp.SFTP"
time="2019-10-15T14:25:21-07:00" level=info msg="Starting SFTP client"
time="2019-10-15T14:25:21-07:00" level=info msg="Calling Put"
time="2019-10-15T14:25:21-07:00" level=info msg="Starting to do uniary rpc PUT: "
time="2019-10-15T14:25:21-07:00" level=info msg="Username=foo"
time="2019-10-15T14:25:21-07:00" level=info msg="error while calling Greet RPC: %vrpc error: code = Unimplemented desc = unknown service sftp.SFTP"
